<?xml version="1.0" encoding="utf-8"?><testsuites><testsuite name="pytest" errors="0" failures="0" skipped="0" tests="25" time="20.310" timestamp="2022-11-13T11:59:46.805117" hostname="Ketais-MacBook-Pro.local"><testcase classname="tests.test_locustfile" name="test_StagesShape_init" time="0.005" /><testcase classname="tests.apis.test_activities_api" name="test_get_activities" time="0.359" /><testcase classname="tests.apis.test_activities_api" name="test_get_activities_by_query" time="0.329" /><testcase classname="tests.apis.test_identity_api_endpoint" name="test_identity_api_endpoint" time="0.131" /><testcase classname="tests.apis.test_objectives_api" name="test_get_objectives_by_query" time="0.268" /><testcase classname="tests.apis.test_objectives_api" name="test_download_attachment_from_objective" time="0.585" /><testcase classname="tests.apis.test_users_api" name="test_get_users_by_query" time="0.247" /><testcase classname="tests.drivers.test_web_driver" name="test_reset_password" time="17.293" /><testcase classname="tests.models.test_detail" name="test_eq" time="0.001" /><testcase classname="tests.models.test_detail" name="test_gen_random_object" time="0.001" /><testcase classname="tests.models.test_detail" name="test_gen_random_update" time="0.001" /><testcase classname="tests.models.test_mail_message" name="test_get_reset_password_url" time="0.001" /><testcase classname="tests.models.test_user" name="test_eq" time="0.001" /><testcase classname="tests.models.test_user" name="test_gen_random_object" time="0.001" /><testcase classname="tests.models.test_user" name="test_gen_random_update" time="0.001" /><testcase classname="tests.models.test_user" name="test_to_dict_for_creating" time="0.001" /><testcase classname="tests.models.test_user" name="test_to_dict_for_updating" time="0.001" /><testcase classname="tests.models.objective.test_objective" name="test_gen_random_about_content" time="0.012" /><testcase classname="tests.models.objective.test_objective" name="test_gen_about_from_about_content" time="0.001" /><testcase classname="tests.models.objective.test_objective" name="test_has_attachment" time="0.001" /><testcase classname="tests.models.objective.test_objective" name="test_get_attachment_url" time="0.001" /><testcase classname="tests.utils.test_string" name="test_gen_random_password" time="0.001" /><testcase classname="tests.utils.test_time" name="test_get_current_timestamp" time="0.001" /><testcase classname="tests.utils.test_time" name="test_get_current_formatted_time" time="0.001" /><testcase classname="tests.utils.test_time" name="test_get_future_formatted_time" time="0.001" /></testsuite></testsuites>